TeamCode/build/intermediates/manifest_merge_blame_file/debug/manifest-merger-blame-debug-report.txt
1<?xml version="1.0" encoding="utf-8"?>
2<!--
3 Note: the actual manifest file used in your APK merges this file with contributions
4     from the modules on which your app depends (such as FtcRobotController, etc).
5     So it won't ultimately be as empty as it might here appear to be :-)
6-->
7<!-- The package name here determines the package for your R class and your BuildConfig class -->
8<manifest xmlns:android="http://schemas.android.com/apk/res/android"
9    package="com.qualcomm.ftcrobotcontroller"
10    android:versionCode="53"
11    android:versionName="9.1" >
12
13    <uses-sdk
14        android:minSdkVersion="24"
14-->src/main/AndroidManifest.xml
15        android:targetSdkVersion="28" />
15-->src/main/AndroidManifest.xml
16
17    <uses-permission android:name="android.permission.RECEIVE_BOOT_COMPLETED" />
17-->[:FtcRobotController] AndroidManifest.xml:10:5-81
17-->[:FtcRobotController] AndroidManifest.xml:10:22-78
18    <uses-permission
18-->[:FtcRobotController] AndroidManifest.xml:11:5-13:35
19        android:name="android.permission.CAMERA"
19-->[:FtcRobotController] AndroidManifest.xml:12:9-49
20        android:required="true" />
20-->[:FtcRobotController] AndroidManifest.xml:13:9-32
21    <uses-permission
21-->[org.firstinspires.ftc:Blocks:9.1.0] AndroidManifest.xml:11:5-13:35
22        android:name="android.permission.WRITE_EXTERNAL_STORAGE"
22-->[org.firstinspires.ftc:Blocks:9.1.0] AndroidManifest.xml:12:9-65
23        android:required="true" />
23-->[org.firstinspires.ftc:Blocks:9.1.0] AndroidManifest.xml:13:9-32
24    <uses-permission
24-->[org.firstinspires.ftc:Blocks:9.1.0] AndroidManifest.xml:14:5-16:35
25        android:name="android.permission.READ_EXTERNAL_STORAGE"
25-->[org.firstinspires.ftc:Blocks:9.1.0] AndroidManifest.xml:15:9-64
26        android:required="true" />
26-->[org.firstinspires.ftc:Blocks:9.1.0] AndroidManifest.xml:16:9-32
27    <uses-permission
27-->[org.firstinspires.ftc:FtcCommon:9.1.0] AndroidManifest.xml:12:5-76
28        android:name="android.permission.ACCESS_WIFI_STATE"
28-->[org.firstinspires.ftc:FtcCommon:9.1.0] AndroidManifest.xml:12:22-73
29        android:required="true" />
29-->[org.firstinspires.ftc:RobotCore:9.1.0] AndroidManifest.xml:13:9-32
30    <uses-permission
30-->[org.firstinspires.ftc:FtcCommon:9.1.0] AndroidManifest.xml:19:5-21:35
31        android:name="android.permission.WRITE_SETTINGS"
31-->[org.firstinspires.ftc:FtcCommon:9.1.0] AndroidManifest.xml:20:9-57
32        android:required="true" />
32-->[org.firstinspires.ftc:FtcCommon:9.1.0] AndroidManifest.xml:21:9-32
33    <uses-permission android:name="android.permission.BLUETOOTH_ADMIN" />
33-->[org.firstinspires.ftc:Inspection:9.1.0] AndroidManifest.xml:12:5-74
33-->[org.firstinspires.ftc:Inspection:9.1.0] AndroidManifest.xml:12:22-71
34    <uses-permission
34-->[org.firstinspires.ftc:Inspection:9.1.0] AndroidManifest.xml:13:5-76
35        android:name="android.permission.CHANGE_WIFI_STATE"
35-->[org.firstinspires.ftc:Inspection:9.1.0] AndroidManifest.xml:13:22-73
36        android:required="true" />
36-->[org.firstinspires.ftc:RobotCore:9.1.0] AndroidManifest.xml:16:9-32
37    <uses-permission
37-->[org.firstinspires.ftc:Inspection:9.1.0] AndroidManifest.xml:14:5-79
38        android:name="android.permission.CHANGE_NETWORK_STATE"
38-->[org.firstinspires.ftc:Inspection:9.1.0] AndroidManifest.xml:14:22-76
39        android:required="true" />
39-->[org.firstinspires.ftc:RobotCore:9.1.0] AndroidManifest.xml:22:9-32
40    <uses-permission
40-->[org.firstinspires.ftc:Inspection:9.1.0] AndroidManifest.xml:15:5-67
41        android:name="android.permission.INTERNET"
41-->[org.firstinspires.ftc:Inspection:9.1.0] AndroidManifest.xml:15:22-64
42        android:required="true" />
42-->[org.firstinspires.ftc:RobotCore:9.1.0] AndroidManifest.xml:25:9-32
43    <uses-permission
43-->[org.firstinspires.ftc:Inspection:9.1.0] AndroidManifest.xml:16:5-79
44        android:name="android.permission.ACCESS_NETWORK_STATE"
44-->[org.firstinspires.ftc:Inspection:9.1.0] AndroidManifest.xml:16:22-76
45        android:required="true" />
45-->[org.firstinspires.ftc:RobotCore:9.1.0] AndroidManifest.xml:19:9-32
46    <uses-permission android:name="android.permission.BLUETOOTH" /> <!-- see AppUtil.setTimeZone() -->
46-->[org.firstinspires.ftc:Inspection:9.1.0] AndroidManifest.xml:17:5-68
46-->[org.firstinspires.ftc:Inspection:9.1.0] AndroidManifest.xml:17:22-65
47    <uses-permission
47-->[org.firstinspires.ftc:RobotCore:9.1.0] AndroidManifest.xml:42:5-44:35
48        android:name="android.permission.SET_TIME_ZONE"
48-->[org.firstinspires.ftc:RobotCore:9.1.0] AndroidManifest.xml:43:9-56
49        android:required="true" />
49-->[org.firstinspires.ftc:RobotCore:9.1.0] AndroidManifest.xml:44:9-32
50    <!--
51  Note: we suspect that this (android.permission.WAKE_LOCK) is no
52  longer needed, but haven't yet found the time necessary to verify
53  that assertion before removing it
54    -->
55    <uses-permission
55-->[org.firstinspires.ftc:RobotCore:9.1.0] AndroidManifest.xml:51:5-53:35
56        android:name="android.permission.WAKE_LOCK"
56-->[org.firstinspires.ftc:RobotCore:9.1.0] AndroidManifest.xml:52:9-52
57        android:required="true" />
57-->[org.firstinspires.ftc:RobotCore:9.1.0] AndroidManifest.xml:53:9-32
58    <uses-permission
58-->[org.firstinspires.ftc:RobotCore:9.1.0] AndroidManifest.xml:55:5-57:35
59        android:name="android.permission.ACCESS_COARSE_LOCATION"
59-->[org.firstinspires.ftc:RobotCore:9.1.0] AndroidManifest.xml:56:9-65
60        android:required="true" />
60-->[org.firstinspires.ftc:RobotCore:9.1.0] AndroidManifest.xml:57:9-32
61    <uses-permission
61-->[org.firstinspires.ftc:RobotCore:9.1.0] AndroidManifest.xml:58:5-60:35
62        android:name="android.permission.ACCESS_FINE_LOCATION"
62-->[org.firstinspires.ftc:RobotCore:9.1.0] AndroidManifest.xml:59:9-63
63        android:required="true" />
63-->[org.firstinspires.ftc:RobotCore:9.1.0] AndroidManifest.xml:60:9-32
64    <uses-permission
64-->[org.firstinspires.ftc:RobotCore:9.1.0] AndroidManifest.xml:61:5-63:35
65        android:name="android.permission.READ_PHONE_STATE"
65-->[org.firstinspires.ftc:RobotCore:9.1.0] AndroidManifest.xml:62:9-59
66        android:required="true" />
66-->[org.firstinspires.ftc:RobotCore:9.1.0] AndroidManifest.xml:63:9-32
67    <uses-permission
67-->[org.firstinspires.ftc:RobotCore:9.1.0] AndroidManifest.xml:66:5-68:35
68        android:name="com.revrobotics.permission.UPDATE_CONTROL_HUB"
68-->[org.firstinspires.ftc:RobotCore:9.1.0] AndroidManifest.xml:67:9-69
69        android:required="true" />
69-->[org.firstinspires.ftc:RobotCore:9.1.0] AndroidManifest.xml:68:9-32
70
71    <uses-feature android:name="android.hardware.usb.accessory" />
71-->[org.firstinspires.ftc:RobotCore:9.1.0] AndroidManifest.xml:70:5-67
71-->[org.firstinspires.ftc:RobotCore:9.1.0] AndroidManifest.xml:70:19-64
72    <uses-feature android:glEsVersion="0x00020000" />
72-->[org.firstinspires.ftc:RobotCore:9.1.0] AndroidManifest.xml:71:5-54
72-->[org.firstinspires.ftc:RobotCore:9.1.0] AndroidManifest.xml:71:19-51
73    <!--
74        NOTE: Any application that requests the CAMERA permission but does not
75        declare any camera features with the <uses-feature> element will be
76        assumed to use all camera features (auto-focus and flash). Thus, the
77        application will not be compatible with devices that do not support
78        all camera features. We use <uses-feature> to declare only the
79        camera features that our application does need. For instance, if you
80        request the CAMERA permission, but you do not need auto-focus or
81        flash, then declare only the android.hardware.camera feature. The
82        other camera features that you do not request will no longer be
83        assumed as required.
84    -->
85    <uses-feature android:name="android.hardware.camera" />
85-->[org.firstinspires.ftc:RobotCore:9.1.0] AndroidManifest.xml:85:5-60
85-->[org.firstinspires.ftc:RobotCore:9.1.0] AndroidManifest.xml:85:19-57
86    <uses-feature
86-->[com.journeyapps:zxing-android-embedded:4.3.0] AndroidManifest.xml:28:5-30:36
87        android:name="android.hardware.camera.front"
87-->[com.journeyapps:zxing-android-embedded:4.3.0] AndroidManifest.xml:29:9-53
88        android:required="false" /> <!-- TODO replace above two with next line after Android 4.2 -->
88-->[com.journeyapps:zxing-android-embedded:4.3.0] AndroidManifest.xml:30:9-33
89    <!-- <uses-feature android:name="android.hardware.camera.any"/> -->
90    <uses-feature
90-->[com.journeyapps:zxing-android-embedded:4.3.0] AndroidManifest.xml:33:5-35:36
91        android:name="android.hardware.camera.autofocus"
91-->[com.journeyapps:zxing-android-embedded:4.3.0] AndroidManifest.xml:34:9-57
92        android:required="false" />
92-->[com.journeyapps:zxing-android-embedded:4.3.0] AndroidManifest.xml:35:9-33
93    <uses-feature
93-->[com.journeyapps:zxing-android-embedded:4.3.0] AndroidManifest.xml:36:5-38:36
94        android:name="android.hardware.camera.flash"
94-->[com.journeyapps:zxing-android-embedded:4.3.0] AndroidManifest.xml:37:9-53
95        android:required="false" />
95-->[com.journeyapps:zxing-android-embedded:4.3.0] AndroidManifest.xml:38:9-33
96    <uses-feature
96-->[com.journeyapps:zxing-android-embedded:4.3.0] AndroidManifest.xml:39:5-41:36
97        android:name="android.hardware.screen.landscape"
97-->[com.journeyapps:zxing-android-embedded:4.3.0] AndroidManifest.xml:40:9-57
98        android:required="false" />
98-->[com.journeyapps:zxing-android-embedded:4.3.0] AndroidManifest.xml:41:9-33
99    <uses-feature
99-->[com.journeyapps:zxing-android-embedded:4.3.0] AndroidManifest.xml:42:5-44:36
100        android:name="android.hardware.wifi"
100-->[com.journeyapps:zxing-android-embedded:4.3.0] AndroidManifest.xml:43:9-45
101        android:required="false" />
101-->[com.journeyapps:zxing-android-embedded:4.3.0] AndroidManifest.xml:44:9-33
102
103    <application
103-->src/main/AndroidManifest.xml:10:5-19
104        android:name="org.firstinspires.ftc.robotcore.internal.system.RobotApplication"
104-->[org.firstinspires.ftc:RobotCore:9.1.0] AndroidManifest.xml:87:18-97
105        android:allowBackup="true"
105-->[:FtcRobotController] AndroidManifest.xml:16:9-35
106        android:appComponentFactory="androidx.core.app.CoreComponentFactory"
106-->[androidx.core:core:1.6.0] AndroidManifest.xml:24:18-86
107        android:debuggable="true"
108        android:icon="@drawable/ic_launcher"
108-->[:FtcRobotController] AndroidManifest.xml:17:9-45
109        android:label="@string/app_name"
109-->[:FtcRobotController] AndroidManifest.xml:18:9-41
110        android:largeHeap="true"
110-->[:FtcRobotController] AndroidManifest.xml:19:9-33
111        android:testOnly="true"
112        android:theme="@style/AppThemeRedRC"
112-->[:FtcRobotController] AndroidManifest.xml:20:9-45
113        android:usesCleartextTraffic="true" > <!-- Indicates to the ControlHubUpdater what the latest version of the Control Hub is that this app supports -->
113-->[:FtcRobotController] AndroidManifest.xml:21:9-44
114        <meta-data
114-->[:FtcRobotController] AndroidManifest.xml:24:9-26:33
115            android:name="org.firstinspires.latestSupportedControlHubVersion"
115-->[:FtcRobotController] AndroidManifest.xml:25:13-78
116            android:value="1" /> <!-- The main robot controller activity -->
116-->[:FtcRobotController] AndroidManifest.xml:26:13-30
117        <activity
117-->[:FtcRobotController] AndroidManifest.xml:29:9-40:20
118            android:name="org.firstinspires.ftc.robotcontroller.internal.PermissionValidatorWrapper"
118-->[:FtcRobotController] AndroidManifest.xml:30:13-101
119            android:configChanges="orientation|screenSize"
119-->[:FtcRobotController] AndroidManifest.xml:31:13-59
120            android:label="@string/app_name"
120-->[:FtcRobotController] AndroidManifest.xml:32:13-45
121            android:launchMode="singleTask"
121-->[:FtcRobotController] AndroidManifest.xml:33:13-44
122            android:screenOrientation="fullUser" >
122-->[:FtcRobotController] AndroidManifest.xml:34:13-49
123            <intent-filter>
123-->[:FtcRobotController] AndroidManifest.xml:35:13-39:29
124                <category android:name="android.intent.category.LAUNCHER" />
124-->[:FtcRobotController] AndroidManifest.xml:36:17-77
124-->[:FtcRobotController] AndroidManifest.xml:36:27-74
125
126                <action android:name="android.intent.action.MAIN" />
126-->[:FtcRobotController] AndroidManifest.xml:38:17-69
126-->[:FtcRobotController] AndroidManifest.xml:38:25-66
127            </intent-filter>
128        </activity>
129        <activity
129-->[:FtcRobotController] AndroidManifest.xml:41:9-59:20
130            android:name="org.firstinspires.ftc.robotcontroller.internal.FtcRobotControllerActivity"
130-->[:FtcRobotController] AndroidManifest.xml:42:13-101
131            android:configChanges="orientation|screenSize"
131-->[:FtcRobotController] AndroidManifest.xml:43:13-59
132            android:label="@string/app_name"
132-->[:FtcRobotController] AndroidManifest.xml:44:13-45
133            android:launchMode="singleTask"
133-->[:FtcRobotController] AndroidManifest.xml:45:13-44
134            android:screenOrientation="fullUser" >
134-->[:FtcRobotController] AndroidManifest.xml:46:13-49
135            <intent-filter>
135-->[:FtcRobotController] AndroidManifest.xml:47:13-49:29
136                <action android:name="android.hardware.usb.action.USB_DEVICE_ATTACHED" />
136-->[:FtcRobotController] AndroidManifest.xml:48:17-90
136-->[:FtcRobotController] AndroidManifest.xml:48:25-87
137            </intent-filter>
138
139            <meta-data
139-->[:FtcRobotController] AndroidManifest.xml:51:13-53:57
140                android:name="android.hardware.usb.action.USB_DEVICE_ATTACHED"
140-->[:FtcRobotController] AndroidManifest.xml:52:17-79
141                android:resource="@xml/device_filter" />
141-->[:FtcRobotController] AndroidManifest.xml:53:17-54
142
143            <!-- org.firstinspires.main.entry indicates that this app is compatible with the Dragonboard Control Hub -->
144            <meta-data
144-->[:FtcRobotController] AndroidManifest.xml:56:13-58:40
145                android:name="org.firstinspires.main.entry"
145-->[:FtcRobotController] AndroidManifest.xml:57:17-60
146                android:value="true" />
146-->[:FtcRobotController] AndroidManifest.xml:58:17-37
147        </activity> <!-- The robot controller service in which most of the robot functionality is managed -->
148        <service
148-->[:FtcRobotController] AndroidManifest.xml:62:9-64:38
149            android:name="com.qualcomm.ftccommon.FtcRobotControllerService"
149-->[:FtcRobotController] AndroidManifest.xml:63:13-76
150            android:enabled="true" /> <!-- Assistant that autostarts the robot controller on android boot (if it's supposed to) -->
150-->[:FtcRobotController] AndroidManifest.xml:64:13-35
151        <receiver
151-->[:FtcRobotController] AndroidManifest.xml:67:9-78:20
152            android:name="org.firstinspires.ftc.ftccommon.internal.RunOnBoot"
152-->[:FtcRobotController] AndroidManifest.xml:68:13-78
153            android:enabled="true"
153-->[:FtcRobotController] AndroidManifest.xml:69:13-35
154            android:exported="true"
154-->[:FtcRobotController] AndroidManifest.xml:70:13-36
155            android:permission="android.permission.RECEIVE_BOOT_COMPLETED" >
155-->[:FtcRobotController] AndroidManifest.xml:71:13-75
156            <intent-filter>
156-->[:FtcRobotController] AndroidManifest.xml:72:13-77:29
157                <category android:name="android.intent.category.DEFAULT" />
157-->[:FtcRobotController] AndroidManifest.xml:73:17-76
157-->[:FtcRobotController] AndroidManifest.xml:73:27-73
158
159                <action android:name="android.intent.action.BOOT_COMPLETED" />
159-->[:FtcRobotController] AndroidManifest.xml:75:17-79
159-->[:FtcRobotController] AndroidManifest.xml:75:25-76
160                <action android:name="android.intent.action.QUICKBOOT_POWERON" />
160-->[:FtcRobotController] AndroidManifest.xml:76:17-82
160-->[:FtcRobotController] AndroidManifest.xml:76:25-79
161            </intent-filter>
162        </receiver>
163
164        <activity
164-->[org.firstinspires.ftc:Blocks:9.1.0] AndroidManifest.xml:19:9-23:20
165            android:name="org.firstinspires.ftc.ftccommon.internal.ProgramAndManageActivity"
165-->[org.firstinspires.ftc:Blocks:9.1.0] AndroidManifest.xml:20:13-93
166            android:configChanges="orientation|screenSize"
166-->[org.firstinspires.ftc:Blocks:9.1.0] AndroidManifest.xml:21:13-59
167            android:label="@string/program_and_manage_activity" >
167-->[org.firstinspires.ftc:Blocks:9.1.0] AndroidManifest.xml:22:13-64
168        </activity>
169        <activity
169-->[org.firstinspires.ftc:FtcCommon:9.1.0] AndroidManifest.xml:26:9-30:47
170            android:name="com.qualcomm.ftccommon.StackTraceActivity"
170-->[org.firstinspires.ftc:FtcCommon:9.1.0] AndroidManifest.xml:27:13-69
171            android:configChanges="orientation|screenSize"
171-->[org.firstinspires.ftc:FtcCommon:9.1.0] AndroidManifest.xml:28:13-59
172            android:exported="true"
172-->[org.firstinspires.ftc:FtcCommon:9.1.0] AndroidManifest.xml:29:13-36
173            android:launchMode="singleTask" />
173-->[org.firstinspires.ftc:FtcCommon:9.1.0] AndroidManifest.xml:30:13-44
174        <activity
174-->[org.firstinspires.ftc:FtcCommon:9.1.0] AndroidManifest.xml:31:9-35:20
175            android:name="com.qualcomm.ftccommon.FtcRobotControllerSettingsActivity"
175-->[org.firstinspires.ftc:FtcCommon:9.1.0] AndroidManifest.xml:32:13-85
176            android:exported="true"
176-->[org.firstinspires.ftc:FtcCommon:9.1.0] AndroidManifest.xml:33:13-36
177            android:label="@string/settings_activity" >
177-->[org.firstinspires.ftc:FtcCommon:9.1.0] AndroidManifest.xml:34:13-54
178        </activity>
179        <activity
179-->[org.firstinspires.ftc:FtcCommon:9.1.0] AndroidManifest.xml:36:9-41:20
180            android:name="com.qualcomm.ftccommon.configuration.FtcLoadFileActivity"
180-->[org.firstinspires.ftc:FtcCommon:9.1.0] AndroidManifest.xml:37:13-84
181            android:configChanges="orientation|screenSize"
181-->[org.firstinspires.ftc:FtcCommon:9.1.0] AndroidManifest.xml:38:13-59
182            android:exported="true"
182-->[org.firstinspires.ftc:FtcCommon:9.1.0] AndroidManifest.xml:39:13-36
183            android:label="@string/configure_activity" >
183-->[org.firstinspires.ftc:FtcCommon:9.1.0] AndroidManifest.xml:40:13-55
184        </activity>
185        <activity
185-->[org.firstinspires.ftc:FtcCommon:9.1.0] AndroidManifest.xml:42:9-47:20
186            android:name="com.qualcomm.ftccommon.configuration.ConfigureFromTemplateActivity"
186-->[org.firstinspires.ftc:FtcCommon:9.1.0] AndroidManifest.xml:43:13-94
187            android:configChanges="orientation|screenSize"
187-->[org.firstinspires.ftc:FtcCommon:9.1.0] AndroidManifest.xml:44:13-59
188            android:exported="true"
188-->[org.firstinspires.ftc:FtcCommon:9.1.0] AndroidManifest.xml:45:13-36
189            android:label="@string/title_activity_configfromtemplate" >
189-->[org.firstinspires.ftc:FtcCommon:9.1.0] AndroidManifest.xml:46:13-70
190        </activity>
191        <activity
191-->[org.firstinspires.ftc:FtcCommon:9.1.0] AndroidManifest.xml:48:9-53:20
192            android:name="com.qualcomm.ftccommon.ViewLogsActivity"
192-->[org.firstinspires.ftc:FtcCommon:9.1.0] AndroidManifest.xml:49:13-67
193            android:configChanges="orientation|screenSize"
193-->[org.firstinspires.ftc:FtcCommon:9.1.0] AndroidManifest.xml:50:13-59
194            android:exported="true"
194-->[org.firstinspires.ftc:FtcCommon:9.1.0] AndroidManifest.xml:51:13-36
195            android:label="@string/view_logs_activity" >
195-->[org.firstinspires.ftc:FtcCommon:9.1.0] AndroidManifest.xml:52:13-55
196        </activity>
197        <activity
197-->[org.firstinspires.ftc:FtcCommon:9.1.0] AndroidManifest.xml:54:9-58:20
198            android:name="com.qualcomm.ftccommon.configuration.FtcConfigurationActivity"
198-->[org.firstinspires.ftc:FtcCommon:9.1.0] AndroidManifest.xml:55:13-89
199            android:configChanges="orientation|screenSize"
199-->[org.firstinspires.ftc:FtcCommon:9.1.0] AndroidManifest.xml:56:13-59
200            android:label="@string/app_name" >
200-->[org.firstinspires.ftc:FtcCommon:9.1.0] AndroidManifest.xml:57:13-45
201        </activity>
202        <activity
202-->[org.firstinspires.ftc:FtcCommon:9.1.0] AndroidManifest.xml:59:9-63:20
203            android:name="com.qualcomm.ftccommon.configuration.FtcNewFileActivity"
203-->[org.firstinspires.ftc:FtcCommon:9.1.0] AndroidManifest.xml:60:13-83
204            android:configChanges="orientation|screenSize"
204-->[org.firstinspires.ftc:FtcCommon:9.1.0] AndroidManifest.xml:61:13-59
205            android:label="@string/app_name" >
205-->[org.firstinspires.ftc:FtcCommon:9.1.0] AndroidManifest.xml:62:13-45
206        </activity>
207        <activity
207-->[org.firstinspires.ftc:FtcCommon:9.1.0] AndroidManifest.xml:64:9-68:20
208            android:name="com.qualcomm.ftccommon.FtcAdvancedRCSettingsActivity"
208-->[org.firstinspires.ftc:FtcCommon:9.1.0] AndroidManifest.xml:65:13-80
209            android:exported="true"
209-->[org.firstinspires.ftc:FtcCommon:9.1.0] AndroidManifest.xml:66:13-36
210            android:label="@string/titleAdvancedRCSettings" >
210-->[org.firstinspires.ftc:FtcCommon:9.1.0] AndroidManifest.xml:67:13-60
211        </activity>
212        <activity
212-->[org.firstinspires.ftc:FtcCommon:9.1.0] AndroidManifest.xml:69:9-72:20
213            android:name="com.qualcomm.ftccommon.FtcLynxFirmwareUpdateActivity"
213-->[org.firstinspires.ftc:FtcCommon:9.1.0] AndroidManifest.xml:70:13-80
214            android:exported="true" >
214-->[org.firstinspires.ftc:FtcCommon:9.1.0] AndroidManifest.xml:71:13-36
215        </activity>
216        <activity
216-->[org.firstinspires.ftc:FtcCommon:9.1.0] AndroidManifest.xml:73:9-76:20
217            android:name="com.qualcomm.ftccommon.FtcLynxModuleAddressUpdateActivity"
217-->[org.firstinspires.ftc:FtcCommon:9.1.0] AndroidManifest.xml:74:13-85
218            android:exported="true" >
218-->[org.firstinspires.ftc:FtcCommon:9.1.0] AndroidManifest.xml:75:13-36
219        </activity>
220        <activity
220-->[org.firstinspires.ftc:FtcCommon:9.1.0] AndroidManifest.xml:77:9-81:20
221            android:name="com.qualcomm.ftccommon.FtcWifiDirectChannelSelectorActivity"
221-->[org.firstinspires.ftc:FtcCommon:9.1.0] AndroidManifest.xml:78:13-87
222            android:exported="true"
222-->[org.firstinspires.ftc:FtcCommon:9.1.0] AndroidManifest.xml:79:13-36
223            android:label="@string/title_activity_wifi_channel_selector" >
223-->[org.firstinspires.ftc:FtcCommon:9.1.0] AndroidManifest.xml:80:13-73
224        </activity>
225        <activity
225-->[org.firstinspires.ftc:FtcCommon:9.1.0] AndroidManifest.xml:82:9-86:20
226            android:name="com.qualcomm.ftccommon.FtcWifiDirectRememberedGroupsActivity"
226-->[org.firstinspires.ftc:FtcCommon:9.1.0] AndroidManifest.xml:83:13-88
227            android:exported="true"
227-->[org.firstinspires.ftc:FtcCommon:9.1.0] AndroidManifest.xml:84:13-36
228            android:label="@string/title_activity_wifi_remembered_groups_editor" >
228-->[org.firstinspires.ftc:FtcCommon:9.1.0] AndroidManifest.xml:85:13-81
229        </activity>
230        <activity
230-->[org.firstinspires.ftc:FtcCommon:9.1.0] AndroidManifest.xml:87:9-90:20
231            android:name="com.qualcomm.ftccommon.AboutActivity"
231-->[org.firstinspires.ftc:FtcCommon:9.1.0] AndroidManifest.xml:88:13-64
232            android:label="@string/about_activity" >
232-->[org.firstinspires.ftc:FtcCommon:9.1.0] AndroidManifest.xml:89:13-51
233        </activity>
234        <activity
234-->[org.firstinspires.ftc:FtcCommon:9.1.0] AndroidManifest.xml:91:9-94:20
235            android:name="com.qualcomm.ftccommon.FtcAboutActivity"
235-->[org.firstinspires.ftc:FtcCommon:9.1.0] AndroidManifest.xml:92:13-67
236            android:label="@string/ftc_about_activity" >
236-->[org.firstinspires.ftc:FtcCommon:9.1.0] AndroidManifest.xml:93:13-55
237        </activity>
238        <activity
238-->[org.firstinspires.ftc:FtcCommon:9.1.0] AndroidManifest.xml:95:9-100:20
239            android:name="com.qualcomm.ftccommon.configuration.EditSwapUsbDevices"
239-->[org.firstinspires.ftc:FtcCommon:9.1.0] AndroidManifest.xml:96:13-83
240            android:configChanges="orientation|screenSize"
240-->[org.firstinspires.ftc:FtcCommon:9.1.0] AndroidManifest.xml:97:13-59
241            android:label="@string/edit_swap_devices_activity"
241-->[org.firstinspires.ftc:FtcCommon:9.1.0] AndroidManifest.xml:98:13-63
242            android:windowSoftInputMode="stateHidden" >
242-->[org.firstinspires.ftc:FtcCommon:9.1.0] AndroidManifest.xml:99:13-54
243        </activity>
244        <activity
244-->[org.firstinspires.ftc:FtcCommon:9.1.0] AndroidManifest.xml:101:9-106:20
245            android:name="com.qualcomm.ftccommon.configuration.EditMotorListActivity"
245-->[org.firstinspires.ftc:FtcCommon:9.1.0] AndroidManifest.xml:102:13-86
246            android:configChanges="orientation|screenSize"
246-->[org.firstinspires.ftc:FtcCommon:9.1.0] AndroidManifest.xml:103:13-59
247            android:label="@string/edit_motor_controller_activity"
247-->[org.firstinspires.ftc:FtcCommon:9.1.0] AndroidManifest.xml:104:13-67
248            android:windowSoftInputMode="stateHidden" >
248-->[org.firstinspires.ftc:FtcCommon:9.1.0] AndroidManifest.xml:105:13-54
249        </activity>
250        <activity
250-->[org.firstinspires.ftc:FtcCommon:9.1.0] AndroidManifest.xml:107:9-112:20
251            android:name="com.qualcomm.ftccommon.configuration.EditServoListActivity"
251-->[org.firstinspires.ftc:FtcCommon:9.1.0] AndroidManifest.xml:108:13-86
252            android:configChanges="orientation|screenSize"
252-->[org.firstinspires.ftc:FtcCommon:9.1.0] AndroidManifest.xml:109:13-59
253            android:label="@string/edit_servo_controller_activity"
253-->[org.firstinspires.ftc:FtcCommon:9.1.0] AndroidManifest.xml:110:13-67
254            android:windowSoftInputMode="stateHidden|adjustResize" >
254-->[org.firstinspires.ftc:FtcCommon:9.1.0] AndroidManifest.xml:111:13-67
255        </activity>
256        <activity
256-->[org.firstinspires.ftc:FtcCommon:9.1.0] AndroidManifest.xml:113:9-118:20
257            android:name="com.qualcomm.ftccommon.configuration.EditLynxModuleActivity"
257-->[org.firstinspires.ftc:FtcCommon:9.1.0] AndroidManifest.xml:114:13-87
258            android:configChanges="orientation|screenSize"
258-->[org.firstinspires.ftc:FtcCommon:9.1.0] AndroidManifest.xml:115:13-59
259            android:label="@string/edit_lynx_module_controller_activity"
259-->[org.firstinspires.ftc:FtcCommon:9.1.0] AndroidManifest.xml:116:13-73
260            android:windowSoftInputMode="stateHidden|adjustResize" >
260-->[org.firstinspires.ftc:FtcCommon:9.1.0] AndroidManifest.xml:117:13-67
261        </activity>
262        <activity
262-->[org.firstinspires.ftc:FtcCommon:9.1.0] AndroidManifest.xml:119:9-124:20
263            android:name="com.qualcomm.ftccommon.configuration.EditLynxUsbDeviceActivity"
263-->[org.firstinspires.ftc:FtcCommon:9.1.0] AndroidManifest.xml:120:13-90
264            android:configChanges="orientation|screenSize"
264-->[org.firstinspires.ftc:FtcCommon:9.1.0] AndroidManifest.xml:121:13-59
265            android:label="@string/edit_lynx_usb_device_activity"
265-->[org.firstinspires.ftc:FtcCommon:9.1.0] AndroidManifest.xml:122:13-66
266            android:windowSoftInputMode="stateHidden|adjustResize" >
266-->[org.firstinspires.ftc:FtcCommon:9.1.0] AndroidManifest.xml:123:13-67
267        </activity>
268        <activity
268-->[org.firstinspires.ftc:FtcCommon:9.1.0] AndroidManifest.xml:125:9-130:20
269            android:name="com.qualcomm.ftccommon.configuration.EditWebcamActivity"
269-->[org.firstinspires.ftc:FtcCommon:9.1.0] AndroidManifest.xml:126:13-83
270            android:configChanges="orientation|screenSize"
270-->[org.firstinspires.ftc:FtcCommon:9.1.0] AndroidManifest.xml:127:13-59
271            android:label="@string/edit_webcam_activity"
271-->[org.firstinspires.ftc:FtcCommon:9.1.0] AndroidManifest.xml:128:13-57
272            android:windowSoftInputMode="stateHidden|adjustResize" >
272-->[org.firstinspires.ftc:FtcCommon:9.1.0] AndroidManifest.xml:129:13-67
273        </activity>
274        <activity
274-->[org.firstinspires.ftc:FtcCommon:9.1.0] AndroidManifest.xml:131:9-136:20
275            android:name="com.qualcomm.ftccommon.configuration.EditPWMDevicesActivity"
275-->[org.firstinspires.ftc:FtcCommon:9.1.0] AndroidManifest.xml:132:13-87
276            android:configChanges="orientation|screenSize"
276-->[org.firstinspires.ftc:FtcCommon:9.1.0] AndroidManifest.xml:133:13-59
277            android:label="@string/edit_pwm_devices_activity"
277-->[org.firstinspires.ftc:FtcCommon:9.1.0] AndroidManifest.xml:134:13-62
278            android:windowSoftInputMode="stateHidden|adjustResize" >
278-->[org.firstinspires.ftc:FtcCommon:9.1.0] AndroidManifest.xml:135:13-67
279        </activity>
280        <activity
280-->[org.firstinspires.ftc:FtcCommon:9.1.0] AndroidManifest.xml:137:9-142:20
281            android:name="com.qualcomm.ftccommon.configuration.EditAnalogInputDevicesActivity"
281-->[org.firstinspires.ftc:FtcCommon:9.1.0] AndroidManifest.xml:138:13-95
282            android:configChanges="orientation|screenSize"
282-->[org.firstinspires.ftc:FtcCommon:9.1.0] AndroidManifest.xml:139:13-59
283            android:label="@string/edit_analog_input_devices_activity"
283-->[org.firstinspires.ftc:FtcCommon:9.1.0] AndroidManifest.xml:140:13-71